This file contains any messages produced by compilers while
running configure, to aid debugging if configure makes a mistake.

It was created by MEDDLY configure 0.15.1, which was
generated by GNU Autoconf 2.69.  Invocation command line was

  $ ./configure CXXFLAGS=-O3 --without-gmp

## --------- ##
## Platform. ##
## --------- ##

hostname = dellino
uname -m = x86_64
uname -r = 5.8.0-49-generic
uname -s = Linux
uname -v = #55~20.04.1-Ubuntu SMP Fri Mar 26 01:01:07 UTC 2021

/usr/bin/uname -p = x86_64
/bin/uname -X     = unknown

/bin/arch              = x86_64
/usr/bin/arch -k       = unknown
/usr/convex/getsysinfo = unknown
/usr/bin/hostinfo      = unknown
/bin/machine           = unknown
/usr/bin/oslevel       = unknown
/bin/universe          = unknown

PATH: /home/cursed/.local/bin
PATH: /usr/local/sbin
PATH: /usr/local/bin
PATH: /usr/sbin
PATH: /usr/bin
PATH: /sbin
PATH: /bin
PATH: /usr/games
PATH: /usr/local/games
PATH: /snap/bin


## ----------- ##
## Core tests. ##
## ----------- ##

configure:2461: checking for a BSD-compatible install
configure:2529: result: /usr/bin/install -c
configure:2540: checking whether build environment is sane
configure:2595: result: yes
configure:2744: checking for a thread-safe mkdir -p
configure:2783: result: /usr/bin/mkdir -p
configure:2790: checking for gawk
configure:2820: result: no
configure:2790: checking for mawk
configure:2806: found /usr/bin/mawk
configure:2817: result: mawk
configure:2828: checking whether make sets $(MAKE)
configure:2850: result: yes
configure:2879: checking whether make supports nested variables
configure:2896: result: yes
configure:3034: checking whether make supports nested variables
configure:3051: result: yes
configure:3127: checking for g++
configure:3143: found /usr/bin/g++
configure:3154: result: g++
configure:3181: checking for C++ compiler version
configure:3190: g++ --version >&5
g++ (Ubuntu 9.3.0-17ubuntu1~20.04) 9.3.0
Copyright (C) 2019 Free Software Foundation, Inc.
This is free software; see the source for copying conditions.  There is NO
warranty; not even for MERCHANTABILITY or FITNESS FOR A PARTICULAR PURPOSE.

configure:3201: $? = 0
configure:3190: g++ -v >&5
Using built-in specs.
COLLECT_GCC=g++
COLLECT_LTO_WRAPPER=/usr/lib/gcc/x86_64-linux-gnu/9/lto-wrapper
OFFLOAD_TARGET_NAMES=nvptx-none:hsa
OFFLOAD_TARGET_DEFAULT=1
Target: x86_64-linux-gnu
Configured with: ../src/configure -v --with-pkgversion='Ubuntu 9.3.0-17ubuntu1~20.04' --with-bugurl=file:///usr/share/doc/gcc-9/README.Bugs --enable-languages=c,ada,c++,go,brig,d,fortran,objc,obj-c++,gm2 --prefix=/usr --with-gcc-major-version-only --program-suffix=-9 --program-prefix=x86_64-linux-gnu- --enable-shared --enable-linker-build-id --libexecdir=/usr/lib --without-included-gettext --enable-threads=posix --libdir=/usr/lib --enable-nls --enable-clocale=gnu --enable-libstdcxx-debug --enable-libstdcxx-time=yes --with-default-libstdcxx-abi=new --enable-gnu-unique-object --disable-vtable-verify --enable-plugin --enable-default-pie --with-system-zlib --with-target-system-zlib=auto --enable-objc-gc=auto --enable-multiarch --disable-werror --with-arch-32=i686 --with-abi=m64 --with-multilib-list=m32,m64,mx32 --enable-multilib --with-tune=generic --enable-offload-targets=nvptx-none=/build/gcc-9-HskZEa/gcc-9-9.3.0/debian/tmp-nvptx/usr,hsa --without-cuda-driver --enable-checking=release --build=x86_64-linux-gnu --host=x86_64-linux-gnu --target=x86_64-linux-gnu
Thread model: posix
gcc version 9.3.0 (Ubuntu 9.3.0-17ubuntu1~20.04) 
configure:3201: $? = 0
configure:3190: g++ -V >&5
g++: error: unrecognized command line option '-V'
g++: fatal error: no input files
compilation terminated.
configure:3201: $? = 1
configure:3190: g++ -qversion >&5
g++: error: unrecognized command line option '-qversion'; did you mean '--version'?
g++: fatal error: no input files
compilation terminated.
configure:3201: $? = 1
configure:3221: checking whether the C++ compiler works
configure:3243: g++ -O3   conftest.cpp  >&5
configure:3247: $? = 0
configure:3295: result: yes
configure:3298: checking for C++ compiler default output file name
configure:3300: result: a.out
configure:3306: checking for suffix of executables
configure:3313: g++ -o conftest -O3   conftest.cpp  >&5
configure:3317: $? = 0
configure:3339: result: 
configure:3361: checking whether we are cross compiling
configure:3369: g++ -o conftest -O3   conftest.cpp  >&5
configure:3373: $? = 0
configure:3380: ./conftest
configure:3384: $? = 0
configure:3372: result: no
configure:3377: checking for suffix of object files
configure:3399: g++ -c -O3  conftest.cpp >&5
configure:3403: $? = 0
configure:3424: result: o
configure:3428: checking whether we are using the GNU C++ compiler
configure:3447: g++ -c -O3  conftest.cpp >&5
configure:3447: $? = 0
configure:3456: result: yes
configure:3465: checking whether g++ accepts -g
configure:3485: g++ -c -g  conftest.cpp >&5
configure:3485: $? = 0
configure:3526: result: yes
configure:3552: checking whether make supports the include directive
configure:3567: make -f confmf.GNU && cat confinc.out
this is the am__doit target
configure:3570: $? = 0
configure:3589: result: yes (GNU style)
configure:3614: checking dependency style of g++
configure:3725: result: gcc3
configure:3748: checking whether g++ supports C++11 features by default
configure:4042: g++ -c -O3  conftest.cpp >&5
configure:4042: $? = 0
configure:4049: result: yes
configure:4767: checking for gcc
configure:4783: found /usr/bin/gcc
configure:4794: result: gcc
configure:5023: checking for C compiler version
configure:5032: gcc --version >&5
gcc (Ubuntu 9.3.0-17ubuntu1~20.04) 9.3.0
Copyright (C) 2019 Free Software Foundation, Inc.
This is free software; see the source for copying conditions.  There is NO
warranty; not even for MERCHANTABILITY or FITNESS FOR A PARTICULAR PURPOSE.

configure:5043: $? = 0
configure:5032: gcc -v >&5
Using built-in specs.
COLLECT_GCC=gcc
COLLECT_LTO_WRAPPER=/usr/lib/gcc/x86_64-linux-gnu/9/lto-wrapper
OFFLOAD_TARGET_NAMES=nvptx-none:hsa
OFFLOAD_TARGET_DEFAULT=1
Target: x86_64-linux-gnu
Configured with: ../src/configure -v --with-pkgversion='Ubuntu 9.3.0-17ubuntu1~20.04' --with-bugurl=file:///usr/share/doc/gcc-9/README.Bugs --enable-languages=c,ada,c++,go,brig,d,fortran,objc,obj-c++,gm2 --prefix=/usr --with-gcc-major-version-only --program-suffix=-9 --program-prefix=x86_64-linux-gnu- --enable-shared --enable-linker-build-id --libexecdir=/usr/lib --without-included-gettext --enable-threads=posix --libdir=/usr/lib --enable-nls --enable-clocale=gnu --enable-libstdcxx-debug --enable-libstdcxx-time=yes --with-default-libstdcxx-abi=new --enable-gnu-unique-object --disable-vtable-verify --enable-plugin --enable-default-pie --with-system-zlib --with-target-system-zlib=auto --enable-objc-gc=auto --enable-multiarch --disable-werror --with-arch-32=i686 --with-abi=m64 --with-multilib-list=m32,m64,mx32 --enable-multilib --with-tune=generic --enable-offload-targets=nvptx-none=/build/gcc-9-HskZEa/gcc-9-9.3.0/debian/tmp-nvptx/usr,hsa --without-cuda-driver --enable-checking=release --build=x86_64-linux-gnu --host=x86_64-linux-gnu --target=x86_64-linux-gnu
Thread model: posix
gcc version 9.3.0 (Ubuntu 9.3.0-17ubuntu1~20.04) 
configure:5043: $? = 0
configure:5032: gcc -V >&5
gcc: error: unrecognized command line option '-V'
gcc: fatal error: no input files
compilation terminated.
configure:5043: $? = 1
configure:5032: gcc -qversion >&5
gcc: error: unrecognized command line option '-qversion'; did you mean '--version'?
gcc: fatal error: no input files
compilation terminated.
configure:5043: $? = 1
configure:5047: checking whether we are using the GNU C compiler
configure:5066: gcc -c   conftest.c >&5
configure:5066: $? = 0
configure:5075: result: yes
configure:5084: checking whether gcc accepts -g
configure:5104: gcc -c -g  conftest.c >&5
configure:5104: $? = 0
configure:5145: result: yes
configure:5162: checking for gcc option to accept ISO C89
configure:5225: gcc  -c -g -O2  conftest.c >&5
configure:5225: $? = 0
configure:5238: result: none needed
configure:5263: checking whether gcc understands -c and -o together
configure:5285: gcc -c conftest.c -o conftest2.o
configure:5288: $? = 0
configure:5285: gcc -c conftest.c -o conftest2.o
configure:5288: $? = 0
configure:5300: result: yes
configure:5319: checking dependency style of gcc
configure:5430: result: gcc3
configure:5496: checking for ar
configure:5512: found /usr/bin/ar
configure:5523: result: ar
configure:5549: checking the archiver (ar) interface
configure:5565: gcc -c -g -O2  conftest.c >&5
configure:5565: $? = 0
configure:5567: ar cru libconftest.a conftest.o >&5
ar: `u' modifier ignored since `D' is the default (see `U')
configure:5570: $? = 0
configure:5569: result: ar
configure:5618: checking build system type
configure:5632: result: x86_64-pc-linux-gnu
configure:5652: checking host system type
configure:5665: result: x86_64-pc-linux-gnu
configure:5706: checking how to print strings
configure:5733: result: printf
configure:5754: checking for a sed that does not truncate output
configure:5818: result: /usr/bin/sed
configure:5836: checking for grep that handles long lines and -e
configure:5894: result: /usr/bin/grep
configure:5899: checking for egrep
configure:5961: result: /usr/bin/grep -E
configure:5966: checking for fgrep
configure:6028: result: /usr/bin/grep -F
configure:6063: checking for ld used by gcc
configure:6130: result: /usr/bin/ld
configure:6137: checking if the linker (/usr/bin/ld) is GNU ld
configure:6152: result: yes
configure:6164: checking for BSD- or MS-compatible name lister (nm)
configure:6218: result: /usr/bin/nm -B
configure:6348: checking the name lister (/usr/bin/nm -B) interface
configure:6355: gcc -c -g -O2  conftest.c >&5
configure:6358: /usr/bin/nm -B "conftest.o"
configure:6361: output
0000000000000000 B some_variable
configure:6362: result: BSD nm
configure:6365: checking whether ln -s works
configure:6369: result: yes
configure:6377: checking the maximum length of command line arguments
configure:6508: result: 1572864
configure:6556: checking how to convert x86_64-pc-linux-gnu file names to x86_64-pc-linux-gnu format
configure:6596: result: func_convert_file_noop
configure:6603: checking how to convert x86_64-pc-linux-gnu file names to toolchain format
configure:6623: result: func_convert_file_noop
configure:6630: checking for /usr/bin/ld option to reload object files
configure:6637: result: -r
configure:6711: checking for objdump
configure:6727: found /usr/bin/objdump
configure:6738: result: objdump
configure:6770: checking how to recognize dependent libraries
configure:6970: result: pass_all
configure:7055: checking for dlltool
configure:7085: result: no
configure:7115: checking how to associate runtime and link libraries
configure:7142: result: printf %s\n
configure:7266: checking for archiver @FILE support
configure:7283: gcc -c -g -O2  conftest.c >&5
configure:7283: $? = 0
configure:7286: ar cr libconftest.a @conftest.lst >&5
configure:7289: $? = 0
configure:7294: ar cr libconftest.a @conftest.lst >&5
ar: conftest.o: No such file or directory
configure:7297: $? = 1
configure:7296: result: @
configure:7354: checking for strip
configure:7370: found /usr/bin/strip
configure:7381: result: strip
configure:7453: checking for ranlib
configure:7469: found /usr/bin/ranlib
configure:7480: result: ranlib
configure:7582: checking command to parse /usr/bin/nm -B output from gcc object
configure:7735: gcc -c -g -O2  conftest.c >&5
configure:7738: $? = 0
configure:7742: /usr/bin/nm -B conftest.o | sed -n -e 's/^.*[	 ]\([ABCDGIRSTW][ABCDGIRSTW]*\)[	 ][	 ]*\([_A-Za-z][_A-Za-z0-9]*\)$/\1 \2 \2/p' | sed '/ __gnu_lto/d' > conftest.nm
configure:7808: gcc -o conftest -g -O2   conftest.c conftstm.o >&5
configure:7811: $? = 0
configure:7849: result: ok
configure:7896: checking for sysroot
configure:7926: result: no
configure:7933: checking for a working dd
configure:7971: result: /usr/bin/dd
configure:7975: checking how to truncate binary pipes
configure:7990: result: /usr/bin/dd bs=4096 count=1
configure:8126: gcc -c -g -O2  conftest.c >&5
configure:8129: $? = 0
configure:8319: checking for mt
configure:8335: found /usr/bin/mt
configure:8346: result: mt
configure:8369: checking if mt is a manifest tool
configure:8375: mt '-?'
configure:8383: result: no
configure:9060: checking how to run the C preprocessor
configure:9091: gcc -E  conftest.c
configure:9091: $? = 0
configure:9105: gcc -E  conftest.c
conftest.c:12:10: fatal error: ac_nonexistent.h: No such file or directory
   12 | #include <ac_nonexistent.h>
      |          ^~~~~~~~~~~~~~~~~~
compilation terminated.
configure:9105: $? = 1
configure: failed program was:
| /* confdefs.h */
| #define PACKAGE_NAME "MEDDLY"
| #define PACKAGE_TARNAME "meddly"
| #define PACKAGE_VERSION "0.15.1"
| #define PACKAGE_STRING "MEDDLY 0.15.1"
| #define PACKAGE_BUGREPORT "asminer@iastate.edu"
| #define PACKAGE_URL "http://meddly.sourceforge.net"
| #define PACKAGE "meddly"
| #define VERSION "0.15.1"
| #define HAVE_CXX11 1
| /* end confdefs.h.  */
| #include <ac_nonexistent.h>
configure:9130: result: gcc -E
configure:9150: gcc -E  conftest.c
configure:9150: $? = 0
configure:9164: gcc -E  conftest.c
conftest.c:12:10: fatal error: ac_nonexistent.h: No such file or directory
   12 | #include <ac_nonexistent.h>
      |          ^~~~~~~~~~~~~~~~~~
compilation terminated.
configure:9164: $? = 1
configure: failed program was:
| /* confdefs.h */
| #define PACKAGE_NAME "MEDDLY"
| #define PACKAGE_TARNAME "meddly"
| #define PACKAGE_VERSION "0.15.1"
| #define PACKAGE_STRING "MEDDLY 0.15.1"
| #define PACKAGE_BUGREPORT "asminer@iastate.edu"
| #define PACKAGE_URL "http://meddly.sourceforge.net"
| #define PACKAGE "meddly"
| #define VERSION "0.15.1"
| #define HAVE_CXX11 1
| /* end confdefs.h.  */
| #include <ac_nonexistent.h>
configure:9193: checking for ANSI C header files
configure:9213: gcc -c -g -O2  conftest.c >&5
configure:9213: $? = 0
configure:9286: gcc -o conftest -g -O2   conftest.c  >&5
configure:9286: $? = 0
configure:9286: ./conftest
configure:9286: $? = 0
configure:9297: result: yes
configure:9310: checking for sys/types.h
configure:9310: gcc -c -g -O2  conftest.c >&5
configure:9310: $? = 0
configure:9310: result: yes
configure:9310: checking for sys/stat.h
configure:9310: gcc -c -g -O2  conftest.c >&5
configure:9310: $? = 0
configure:9310: result: yes
configure:9310: checking for stdlib.h
configure:9310: gcc -c -g -O2  conftest.c >&5
configure:9310: $? = 0
configure:9310: result: yes
configure:9310: checking for string.h
configure:9310: gcc -c -g -O2  conftest.c >&5
configure:9310: $? = 0
configure:9310: result: yes
configure:9310: checking for memory.h
configure:9310: gcc -c -g -O2  conftest.c >&5
configure:9310: $? = 0
configure:9310: result: yes
configure:9310: checking for strings.h
configure:9310: gcc -c -g -O2  conftest.c >&5
configure:9310: $? = 0
configure:9310: result: yes
configure:9310: checking for inttypes.h
configure:9310: gcc -c -g -O2  conftest.c >&5
configure:9310: $? = 0
configure:9310: result: yes
configure:9310: checking for stdint.h
configure:9310: gcc -c -g -O2  conftest.c >&5
configure:9310: $? = 0
configure:9310: result: yes
configure:9310: checking for unistd.h
configure:9310: gcc -c -g -O2  conftest.c >&5
configure:9310: $? = 0
configure:9310: result: yes
configure:9324: checking for dlfcn.h
configure:9324: gcc -c -g -O2  conftest.c >&5
configure:9324: $? = 0
configure:9324: result: yes
configure:9590: checking for objdir
configure:9605: result: .libs
configure:9869: checking if gcc supports -fno-rtti -fno-exceptions
configure:9887: gcc -c -g -O2  -fno-rtti -fno-exceptions conftest.c >&5
cc1: warning: command line option '-fno-rtti' is valid for C++/D/ObjC++ but not for C
configure:9891: $? = 0
configure:9904: result: no
configure:10268: checking for gcc option to produce PIC
configure:10275: result: -fPIC -DPIC
configure:10283: checking if gcc PIC flag -fPIC -DPIC works
configure:10301: gcc -c -g -O2  -fPIC -DPIC -DPIC conftest.c >&5
configure:10305: $? = 0
configure:10318: result: yes
configure:10347: checking if gcc static flag -static works
configure:10375: result: yes
configure:10390: checking if gcc supports -c -o file.o
configure:10411: gcc -c -g -O2  -o out/conftest2.o conftest.c >&5
configure:10415: $? = 0
configure:10437: result: yes
configure:10445: checking if gcc supports -c -o file.o
configure:10492: result: yes
configure:10525: checking whether the gcc linker (/usr/bin/ld -m elf_x86_64) supports shared libraries
configure:11788: result: yes
configure:11825: checking whether -lc should be explicitly linked in
configure:11833: gcc -c -g -O2  conftest.c >&5
configure:11836: $? = 0
configure:11851: gcc -shared  -fPIC -DPIC conftest.o  -v -Wl,-soname -Wl,conftest -o conftest 2\>\&1 \| /usr/bin/grep  -lc  \>/dev/null 2\>\&1
configure:11854: $? = 0
configure:11868: result: no
configure:12028: checking dynamic linker characteristics
configure:12609: gcc -o conftest -g -O2   -Wl,-rpath -Wl,/foo conftest.c  >&5
configure:12609: $? = 0
configure:12858: result: GNU/Linux ld.so
configure:12980: checking how to hardcode library paths into programs
configure:13005: result: immediate
configure:13553: checking whether stripping libraries is possible
configure:13558: result: yes
configure:13593: checking if libtool supports shared libraries
configure:13595: result: yes
configure:13598: checking whether to build shared libraries
configure:13623: result: yes
configure:13626: checking whether to build static libraries
configure:13630: result: yes
configure:10429: checking how to run the C++ preprocessor
configure:10456: g++ -E  conftest.cpp
configure:10456: $? = 0
configure:10470: g++ -E  conftest.cpp
conftest.cpp:24:10: fatal error: ac_nonexistent.h: No such file or directory
   24 | #include <ac_nonexistent.h>
      |          ^~~~~~~~~~~~~~~~~~
compilation terminated.
configure:10470: $? = 1
configure: failed program was:
| /* confdefs.h */
| #define PACKAGE_NAME "MEDDLY"
| #define PACKAGE_TARNAME "meddly"
| #define PACKAGE_VERSION "0.15.1"
| #define PACKAGE_STRING "MEDDLY 0.15.1"
| #define PACKAGE_BUGREPORT "asminer@iastate.edu"
| #define PACKAGE_URL "http://meddly.sourceforge.net"
| #define PACKAGE "meddly"
| #define VERSION "0.15.1"
| #define HAVE_CXX11 1
| #define STDC_HEADERS 1
| #define HAVE_SYS_TYPES_H 1
| #define HAVE_SYS_STAT_H 1
| #define HAVE_STDLIB_H 1
| #define HAVE_STRING_H 1
| #define HAVE_MEMORY_H 1
| #define HAVE_STRINGS_H 1
| #define HAVE_INTTYPES_H 1
| #define HAVE_STDINT_H 1
| #define HAVE_UNISTD_H 1
| #define HAVE_DLFCN_H 1
| #define LT_OBJDIR ".libs/"
| /* end confdefs.h.  */
| #include <ac_nonexistent.h>
configure:10495: result: g++ -E
configure:10515: g++ -E  conftest.cpp
configure:10515: $? = 0
configure:10529: g++ -E  conftest.cpp
conftest.cpp:24:10: fatal error: ac_nonexistent.h: No such file or directory
   24 | #include <ac_nonexistent.h>
      |          ^~~~~~~~~~~~~~~~~~
compilation terminated.
configure:10529: $? = 1
configure: failed program was:
| /* confdefs.h */
| #define PACKAGE_NAME "MEDDLY"
| #define PACKAGE_TARNAME "meddly"
| #define PACKAGE_VERSION "0.15.1"
| #define PACKAGE_STRING "MEDDLY 0.15.1"
| #define PACKAGE_BUGREPORT "asminer@iastate.edu"
| #define PACKAGE_URL "http://meddly.sourceforge.net"
| #define PACKAGE "meddly"
| #define VERSION "0.15.1"
| #define HAVE_CXX11 1
| #define STDC_HEADERS 1
| #define HAVE_SYS_TYPES_H 1
| #define HAVE_SYS_STAT_H 1
| #define HAVE_STDLIB_H 1
| #define HAVE_STRING_H 1
| #define HAVE_MEMORY_H 1
| #define HAVE_STRINGS_H 1
| #define HAVE_INTTYPES_H 1
| #define HAVE_STDINT_H 1
| #define HAVE_UNISTD_H 1
| #define HAVE_DLFCN_H 1
| #define LT_OBJDIR ".libs/"
| /* end confdefs.h.  */
| #include <ac_nonexistent.h>
configure:10691: checking for ld used by g++
configure:10758: result: /usr/bin/ld -m elf_x86_64
configure:10765: checking if the linker (/usr/bin/ld -m elf_x86_64) is GNU ld
configure:10780: result: yes
configure:10835: checking whether the g++ linker (/usr/bin/ld -m elf_x86_64) supports shared libraries
configure:11908: result: yes
configure:11944: g++ -c -O3  conftest.cpp >&5
configure:11947: $? = 0
configure:12428: checking for g++ option to produce PIC
configure:12435: result: -fPIC -DPIC
configure:12443: checking if g++ PIC flag -fPIC -DPIC works
configure:12461: g++ -c -O3  -fPIC -DPIC -DPIC conftest.cpp >&5
configure:12465: $? = 0
configure:12478: result: yes
configure:12501: checking if g++ static flag -static works
configure:12529: result: yes
configure:12541: checking if g++ supports -c -o file.o
configure:12562: g++ -c -O3  -o out/conftest2.o conftest.cpp >&5
configure:12566: $? = 0
configure:12588: result: yes
configure:12593: checking if g++ supports -c -o file.o
configure:12640: result: yes
configure:12670: checking whether the g++ linker (/usr/bin/ld -m elf_x86_64) supports shared libraries
configure:12713: result: yes
configure:12854: checking dynamic linker characteristics
configure:13611: result: GNU/Linux ld.so
configure:13676: checking how to hardcode library paths into programs
configure:13701: result: immediate
configure:12660: checking for sys/wait.h that is POSIX.1 compatible
configure:12686: gcc -c -g -O2  conftest.c >&5
configure:12686: $? = 0
configure:12693: result: yes
configure:12704: checking sys/time.h usability
configure:12704: gcc -c -g -O2  conftest.c >&5
configure:12704: $? = 0
configure:12704: result: yes
configure:12704: checking sys/time.h presence
configure:12704: gcc -E  conftest.c
configure:12704: $? = 0
configure:12704: result: yes
configure:12704: checking for sys/time.h
configure:12704: result: yes
configure:12704: checking for unistd.h
configure:12704: result: yes
configure:12716: checking for stdbool.h that conforms to C99
configure:12783: gcc -c -g -O2  conftest.c >&5
configure:12783: $? = 0
configure:12790: result: yes
configure:12792: checking for _Bool
configure:12792: gcc -c -g -O2  conftest.c >&5
configure:12792: $? = 0
configure:12792: gcc -c -g -O2  conftest.c >&5
conftest.c: In function 'main':
conftest.c:63:20: error: expected expression before ')' token
   63 | if (sizeof ((_Bool)))
      |                    ^
configure:12792: $? = 1
configure: failed program was:
| /* confdefs.h */
| #define PACKAGE_NAME "MEDDLY"
| #define PACKAGE_TARNAME "meddly"
| #define PACKAGE_VERSION "0.15.1"
| #define PACKAGE_STRING "MEDDLY 0.15.1"
| #define PACKAGE_BUGREPORT "asminer@iastate.edu"
| #define PACKAGE_URL "http://meddly.sourceforge.net"
| #define PACKAGE "meddly"
| #define VERSION "0.15.1"
| #define HAVE_CXX11 1
| #define STDC_HEADERS 1
| #define HAVE_SYS_TYPES_H 1
| #define HAVE_SYS_STAT_H 1
| #define HAVE_STDLIB_H 1
| #define HAVE_STRING_H 1
| #define HAVE_MEMORY_H 1
| #define HAVE_STRINGS_H 1
| #define HAVE_INTTYPES_H 1
| #define HAVE_STDINT_H 1
| #define HAVE_UNISTD_H 1
| #define HAVE_DLFCN_H 1
| #define LT_OBJDIR ".libs/"
| #define HAVE_SYS_WAIT_H 1
| #define HAVE_SYS_TIME_H 1
| #define HAVE_UNISTD_H 1
| /* end confdefs.h.  */
| #include <stdio.h>
| #ifdef HAVE_SYS_TYPES_H
| # include <sys/types.h>
| #endif
| #ifdef HAVE_SYS_STAT_H
| # include <sys/stat.h>
| #endif
| #ifdef STDC_HEADERS
| # include <stdlib.h>
| # include <stddef.h>
| #else
| # ifdef HAVE_STDLIB_H
| #  include <stdlib.h>
| # endif
| #endif
| #ifdef HAVE_STRING_H
| # if !defined STDC_HEADERS && defined HAVE_MEMORY_H
| #  include <memory.h>
| # endif
| # include <string.h>
| #endif
| #ifdef HAVE_STRINGS_H
| # include <strings.h>
| #endif
| #ifdef HAVE_INTTYPES_H
| # include <inttypes.h>
| #endif
| #ifdef HAVE_STDINT_H
| # include <stdint.h>
| #endif
| #ifdef HAVE_UNISTD_H
| # include <unistd.h>
| #endif
| int
| main ()
| {
| if (sizeof ((_Bool)))
| 	    return 0;
|   ;
|   return 0;
| }
configure:12792: result: yes
configure:12809: checking for an ANSI C-conforming const
configure:12875: gcc -c -g -O2  conftest.c >&5
configure:12875: $? = 0
configure:12882: result: yes
configure:12890: checking for inline
configure:12906: gcc -c -g -O2  conftest.c >&5
configure:12906: $? = 0
configure:12914: result: inline
configure:12932: checking for pid_t
configure:12932: gcc -c -g -O2  conftest.c >&5
configure:12932: $? = 0
configure:12932: gcc -c -g -O2  conftest.c >&5
conftest.c: In function 'main':
conftest.c:65:20: error: expected expression before ')' token
   65 | if (sizeof ((pid_t)))
      |                    ^
configure:12932: $? = 1
configure: failed program was:
| /* confdefs.h */
| #define PACKAGE_NAME "MEDDLY"
| #define PACKAGE_TARNAME "meddly"
| #define PACKAGE_VERSION "0.15.1"
| #define PACKAGE_STRING "MEDDLY 0.15.1"
| #define PACKAGE_BUGREPORT "asminer@iastate.edu"
| #define PACKAGE_URL "http://meddly.sourceforge.net"
| #define PACKAGE "meddly"
| #define VERSION "0.15.1"
| #define HAVE_CXX11 1
| #define STDC_HEADERS 1
| #define HAVE_SYS_TYPES_H 1
| #define HAVE_SYS_STAT_H 1
| #define HAVE_STDLIB_H 1
| #define HAVE_STRING_H 1
| #define HAVE_MEMORY_H 1
| #define HAVE_STRINGS_H 1
| #define HAVE_INTTYPES_H 1
| #define HAVE_STDINT_H 1
| #define HAVE_UNISTD_H 1
| #define HAVE_DLFCN_H 1
| #define LT_OBJDIR ".libs/"
| #define HAVE_SYS_WAIT_H 1
| #define HAVE_SYS_TIME_H 1
| #define HAVE_UNISTD_H 1
| #define HAVE__BOOL 1
| #define HAVE_STDBOOL_H 1
| /* end confdefs.h.  */
| #include <stdio.h>
| #ifdef HAVE_SYS_TYPES_H
| # include <sys/types.h>
| #endif
| #ifdef HAVE_SYS_STAT_H
| # include <sys/stat.h>
| #endif
| #ifdef STDC_HEADERS
| # include <stdlib.h>
| # include <stddef.h>
| #else
| # ifdef HAVE_STDLIB_H
| #  include <stdlib.h>
| # endif
| #endif
| #ifdef HAVE_STRING_H
| # if !defined STDC_HEADERS && defined HAVE_MEMORY_H
| #  include <memory.h>
| # endif
| # include <string.h>
| #endif
| #ifdef HAVE_STRINGS_H
| # include <strings.h>
| #endif
| #ifdef HAVE_INTTYPES_H
| # include <inttypes.h>
| #endif
| #ifdef HAVE_STDINT_H
| # include <stdint.h>
| #endif
| #ifdef HAVE_UNISTD_H
| # include <unistd.h>
| #endif
| int
| main ()
| {
| if (sizeof ((pid_t)))
| 	    return 0;
|   ;
|   return 0;
| }
configure:12932: result: yes
configure:12943: checking for size_t
configure:12943: gcc -c -g -O2  conftest.c >&5
configure:12943: $? = 0
configure:12943: gcc -c -g -O2  conftest.c >&5
conftest.c: In function 'main':
conftest.c:65:21: error: expected expression before ')' token
   65 | if (sizeof ((size_t)))
      |                     ^
configure:12943: $? = 1
configure: failed program was:
| /* confdefs.h */
| #define PACKAGE_NAME "MEDDLY"
| #define PACKAGE_TARNAME "meddly"
| #define PACKAGE_VERSION "0.15.1"
| #define PACKAGE_STRING "MEDDLY 0.15.1"
| #define PACKAGE_BUGREPORT "asminer@iastate.edu"
| #define PACKAGE_URL "http://meddly.sourceforge.net"
| #define PACKAGE "meddly"
| #define VERSION "0.15.1"
| #define HAVE_CXX11 1
| #define STDC_HEADERS 1
| #define HAVE_SYS_TYPES_H 1
| #define HAVE_SYS_STAT_H 1
| #define HAVE_STDLIB_H 1
| #define HAVE_STRING_H 1
| #define HAVE_MEMORY_H 1
| #define HAVE_STRINGS_H 1
| #define HAVE_INTTYPES_H 1
| #define HAVE_STDINT_H 1
| #define HAVE_UNISTD_H 1
| #define HAVE_DLFCN_H 1
| #define LT_OBJDIR ".libs/"
| #define HAVE_SYS_WAIT_H 1
| #define HAVE_SYS_TIME_H 1
| #define HAVE_UNISTD_H 1
| #define HAVE__BOOL 1
| #define HAVE_STDBOOL_H 1
| /* end confdefs.h.  */
| #include <stdio.h>
| #ifdef HAVE_SYS_TYPES_H
| # include <sys/types.h>
| #endif
| #ifdef HAVE_SYS_STAT_H
| # include <sys/stat.h>
| #endif
| #ifdef STDC_HEADERS
| # include <stdlib.h>
| # include <stddef.h>
| #else
| # ifdef HAVE_STDLIB_H
| #  include <stdlib.h>
| # endif
| #endif
| #ifdef HAVE_STRING_H
| # if !defined STDC_HEADERS && defined HAVE_MEMORY_H
| #  include <memory.h>
| # endif
| # include <string.h>
| #endif
| #ifdef HAVE_STRINGS_H
| # include <strings.h>
| #endif
| #ifdef HAVE_INTTYPES_H
| # include <inttypes.h>
| #endif
| #ifdef HAVE_STDINT_H
| # include <stdint.h>
| #endif
| #ifdef HAVE_UNISTD_H
| # include <unistd.h>
| #endif
| int
| main ()
| {
| if (sizeof ((size_t)))
| 	    return 0;
|   ;
|   return 0;
| }
configure:12943: result: yes
configure:12954: checking whether time.h and sys/time.h may both be included
configure:12974: gcc -c -g -O2  conftest.c >&5
configure:12974: $? = 0
configure:12981: result: yes
configure:12994: checking vfork.h usability
configure:12994: gcc -c -g -O2  conftest.c >&5
conftest.c:63:10: fatal error: vfork.h: No such file or directory
   63 | #include <vfork.h>
      |          ^~~~~~~~~
compilation terminated.
configure:12994: $? = 1
configure: failed program was:
| /* confdefs.h */
| #define PACKAGE_NAME "MEDDLY"
| #define PACKAGE_TARNAME "meddly"
| #define PACKAGE_VERSION "0.15.1"
| #define PACKAGE_STRING "MEDDLY 0.15.1"
| #define PACKAGE_BUGREPORT "asminer@iastate.edu"
| #define PACKAGE_URL "http://meddly.sourceforge.net"
| #define PACKAGE "meddly"
| #define VERSION "0.15.1"
| #define HAVE_CXX11 1
| #define STDC_HEADERS 1
| #define HAVE_SYS_TYPES_H 1
| #define HAVE_SYS_STAT_H 1
| #define HAVE_STDLIB_H 1
| #define HAVE_STRING_H 1
| #define HAVE_MEMORY_H 1
| #define HAVE_STRINGS_H 1
| #define HAVE_INTTYPES_H 1
| #define HAVE_STDINT_H 1
| #define HAVE_UNISTD_H 1
| #define HAVE_DLFCN_H 1
| #define LT_OBJDIR ".libs/"
| #define HAVE_SYS_WAIT_H 1
| #define HAVE_SYS_TIME_H 1
| #define HAVE_UNISTD_H 1
| #define HAVE__BOOL 1
| #define HAVE_STDBOOL_H 1
| #define TIME_WITH_SYS_TIME 1
| /* end confdefs.h.  */
| #include <stdio.h>
| #ifdef HAVE_SYS_TYPES_H
| # include <sys/types.h>
| #endif
| #ifdef HAVE_SYS_STAT_H
| # include <sys/stat.h>
| #endif
| #ifdef STDC_HEADERS
| # include <stdlib.h>
| # include <stddef.h>
| #else
| # ifdef HAVE_STDLIB_H
| #  include <stdlib.h>
| # endif
| #endif
| #ifdef HAVE_STRING_H
| # if !defined STDC_HEADERS && defined HAVE_MEMORY_H
| #  include <memory.h>
| # endif
| # include <string.h>
| #endif
| #ifdef HAVE_STRINGS_H
| # include <strings.h>
| #endif
| #ifdef HAVE_INTTYPES_H
| # include <inttypes.h>
| #endif
| #ifdef HAVE_STDINT_H
| # include <stdint.h>
| #endif
| #ifdef HAVE_UNISTD_H
| # include <unistd.h>
| #endif
| #include <vfork.h>
configure:12994: result: no
configure:12994: checking vfork.h presence
configure:12994: gcc -E  conftest.c
conftest.c:30:10: fatal error: vfork.h: No such file or directory
   30 | #include <vfork.h>
      |          ^~~~~~~~~
compilation terminated.
configure:12994: $? = 1
configure: failed program was:
| /* confdefs.h */
| #define PACKAGE_NAME "MEDDLY"
| #define PACKAGE_TARNAME "meddly"
| #define PACKAGE_VERSION "0.15.1"
| #define PACKAGE_STRING "MEDDLY 0.15.1"
| #define PACKAGE_BUGREPORT "asminer@iastate.edu"
| #define PACKAGE_URL "http://meddly.sourceforge.net"
| #define PACKAGE "meddly"
| #define VERSION "0.15.1"
| #define HAVE_CXX11 1
| #define STDC_HEADERS 1
| #define HAVE_SYS_TYPES_H 1
| #define HAVE_SYS_STAT_H 1
| #define HAVE_STDLIB_H 1
| #define HAVE_STRING_H 1
| #define HAVE_MEMORY_H 1
| #define HAVE_STRINGS_H 1
| #define HAVE_INTTYPES_H 1
| #define HAVE_STDINT_H 1
| #define HAVE_UNISTD_H 1
| #define HAVE_DLFCN_H 1
| #define LT_OBJDIR ".libs/"
| #define HAVE_SYS_WAIT_H 1
| #define HAVE_SYS_TIME_H 1
| #define HAVE_UNISTD_H 1
| #define HAVE__BOOL 1
| #define HAVE_STDBOOL_H 1
| #define TIME_WITH_SYS_TIME 1
| /* end confdefs.h.  */
| #include <vfork.h>
configure:12994: result: no
configure:12994: checking for vfork.h
configure:12994: result: no
configure:13007: checking for fork
configure:13007: gcc -o conftest -g -O2   conftest.c  >&5
conftest.c:53:6: warning: conflicting types for built-in function 'fork'; expected 'int(void)' [-Wbuiltin-declaration-mismatch]
   53 | char fork ();
      |      ^~~~
configure:13007: $? = 0
configure:13007: result: yes
configure:13007: checking for vfork
configure:13007: gcc -o conftest -g -O2   conftest.c  >&5
configure:13007: $? = 0
configure:13007: result: yes
configure:13017: checking for working fork
configure:13039: gcc -o conftest -g -O2   conftest.c  >&5
configure:13039: $? = 0
configure:13039: ./conftest
configure:13039: $? = 0
configure:13049: result: yes
configure:13070: checking for working vfork
configure:13180: result: yes
configure:13205: checking for ANSI C header files
configure:13309: result: yes
configure:13319: checking for stdlib.h
configure:13319: result: yes
configure:13329: checking for GNU libc compatible malloc
configure:13353: gcc -o conftest -g -O2   conftest.c  >&5
configure:13353: $? = 0
configure:13353: ./conftest
configure:13353: $? = 0
configure:13363: result: yes
configure:13384: checking for working memcmp
configure:13427: gcc -o conftest -g -O2   conftest.c  >&5
configure:13427: $? = 0
configure:13427: ./conftest
configure:13427: $? = 0
configure:13437: result: yes
configure:13448: checking for stdlib.h
configure:13448: result: yes
configure:13458: checking for GNU libc compatible realloc
configure:13482: gcc -o conftest -g -O2   conftest.c  >&5
configure:13482: $? = 0
configure:13482: ./conftest
configure:13482: $? = 0
configure:13492: result: yes
configure:13513: checking return type of signal handlers
configure:13531: gcc -c -g -O2  conftest.c >&5
conftest.c: In function 'main':
conftest.c:45:10: error: void value not ignored as it ought to be
   45 | return *(signal (0, 0)) (0) == 1;
      |         ~^~~~~~~~~~~~~~~~~~
configure:13531: $? = 1
configure: failed program was:
| /* confdefs.h */
| #define PACKAGE_NAME "MEDDLY"
| #define PACKAGE_TARNAME "meddly"
| #define PACKAGE_VERSION "0.15.1"
| #define PACKAGE_STRING "MEDDLY 0.15.1"
| #define PACKAGE_BUGREPORT "asminer@iastate.edu"
| #define PACKAGE_URL "http://meddly.sourceforge.net"
| #define PACKAGE "meddly"
| #define VERSION "0.15.1"
| #define HAVE_CXX11 1
| #define STDC_HEADERS 1
| #define HAVE_SYS_TYPES_H 1
| #define HAVE_SYS_STAT_H 1
| #define HAVE_STDLIB_H 1
| #define HAVE_STRING_H 1
| #define HAVE_MEMORY_H 1
| #define HAVE_STRINGS_H 1
| #define HAVE_INTTYPES_H 1
| #define HAVE_STDINT_H 1
| #define HAVE_UNISTD_H 1
| #define HAVE_DLFCN_H 1
| #define LT_OBJDIR ".libs/"
| #define HAVE_SYS_WAIT_H 1
| #define HAVE_SYS_TIME_H 1
| #define HAVE_UNISTD_H 1
| #define HAVE__BOOL 1
| #define HAVE_STDBOOL_H 1
| #define TIME_WITH_SYS_TIME 1
| #define HAVE_FORK 1
| #define HAVE_VFORK 1
| #define HAVE_WORKING_VFORK 1
| #define HAVE_WORKING_FORK 1
| #define STDC_HEADERS 1
| #define HAVE_STDLIB_H 1
| #define HAVE_MALLOC 1
| #define HAVE_STDLIB_H 1
| #define HAVE_REALLOC 1
| /* end confdefs.h.  */
| #include <sys/types.h>
| #include <signal.h>
| 
| int
| main ()
| {
| return *(signal (0, 0)) (0) == 1;
|   ;
|   return 0;
| }
configure:13538: result: void
configure:13546: checking for working strtod
configure:13587: gcc -o conftest -g -O2   conftest.c  >&5
configure:13587: $? = 0
configure:13587: ./conftest
configure:13587: $? = 0
configure:13597: result: yes
configure:13662: checking for getrusage
configure:13662: gcc -o conftest -g -O2   conftest.c  >&5
configure:13662: $? = 0
configure:13662: result: yes
configure:13662: checking for gettimeofday
configure:13662: gcc -o conftest -g -O2   conftest.c  >&5
configure:13662: $? = 0
configure:13662: result: yes
configure:13662: checking for memmove
configure:13662: gcc -o conftest -g -O2   conftest.c  >&5
conftest.c:65:6: warning: conflicting types for built-in function 'memmove'; expected 'void *(void *, const void *, long unsigned int)' [-Wbuiltin-declaration-mismatch]
   65 | char memmove ();
      |      ^~~~~~~
conftest.c:53:1: note: 'memmove' is declared in header '<string.h>'
   52 | # include <limits.h>
   53 | #else
configure:13662: $? = 0
configure:13662: result: yes
configure:13662: checking for memset
configure:13662: gcc -o conftest -g -O2   conftest.c  >&5
conftest.c:66:6: warning: conflicting types for built-in function 'memset'; expected 'void *(void *, int,  long unsigned int)' [-Wbuiltin-declaration-mismatch]
   66 | char memset ();
      |      ^~~~~~
conftest.c:54:1: note: 'memset' is declared in header '<string.h>'
   53 | # include <limits.h>
   54 | #else
configure:13662: $? = 0
configure:13662: result: yes
configure:13662: checking for strtol
configure:13662: gcc -o conftest -g -O2   conftest.c  >&5
configure:13662: $? = 0
configure:13662: result: yes
configure:13662: checking for malloc_size
configure:13662: gcc -o conftest -g -O2   conftest.c  >&5
/usr/bin/ld: /tmp/ccsJTzsg.o: in function `main':
/home/cursed/gitgud/grapes-dd/src/meddly/conftest.c:79: undefined reference to `malloc_size'
collect2: error: ld returned 1 exit status
configure:13662: $? = 1
configure: failed program was:
| /* confdefs.h */
| #define PACKAGE_NAME "MEDDLY"
| #define PACKAGE_TARNAME "meddly"
| #define PACKAGE_VERSION "0.15.1"
| #define PACKAGE_STRING "MEDDLY 0.15.1"
| #define PACKAGE_BUGREPORT "asminer@iastate.edu"
| #define PACKAGE_URL "http://meddly.sourceforge.net"
| #define PACKAGE "meddly"
| #define VERSION "0.15.1"
| #define HAVE_CXX11 1
| #define STDC_HEADERS 1
| #define HAVE_SYS_TYPES_H 1
| #define HAVE_SYS_STAT_H 1
| #define HAVE_STDLIB_H 1
| #define HAVE_STRING_H 1
| #define HAVE_MEMORY_H 1
| #define HAVE_STRINGS_H 1
| #define HAVE_INTTYPES_H 1
| #define HAVE_STDINT_H 1
| #define HAVE_UNISTD_H 1
| #define HAVE_DLFCN_H 1
| #define LT_OBJDIR ".libs/"
| #define HAVE_SYS_WAIT_H 1
| #define HAVE_SYS_TIME_H 1
| #define HAVE_UNISTD_H 1
| #define HAVE__BOOL 1
| #define HAVE_STDBOOL_H 1
| #define TIME_WITH_SYS_TIME 1
| #define HAVE_FORK 1
| #define HAVE_VFORK 1
| #define HAVE_WORKING_VFORK 1
| #define HAVE_WORKING_FORK 1
| #define STDC_HEADERS 1
| #define HAVE_STDLIB_H 1
| #define HAVE_MALLOC 1
| #define HAVE_STDLIB_H 1
| #define HAVE_REALLOC 1
| #define RETSIGTYPE void
| #define HAVE_GETRUSAGE 1
| #define HAVE_GETTIMEOFDAY 1
| #define HAVE_MEMMOVE 1
| #define HAVE_MEMSET 1
| #define HAVE_STRTOL 1
| /* end confdefs.h.  */
| /* Define malloc_size to an innocuous variant, in case <limits.h> declares malloc_size.
|    For example, HP-UX 11i <limits.h> declares gettimeofday.  */
| #define malloc_size innocuous_malloc_size
| 
| /* System header to define __stub macros and hopefully few prototypes,
|     which can conflict with char malloc_size (); below.
|     Prefer <limits.h> to <assert.h> if __STDC__ is defined, since
|     <limits.h> exists even on freestanding compilers.  */
| 
| #ifdef __STDC__
| # include <limits.h>
| #else
| # include <assert.h>
| #endif
| 
| #undef malloc_size
| 
| /* Override any GCC internal prototype to avoid an error.
|    Use char because int might match the return type of a GCC
|    builtin and then its argument prototype would still apply.  */
| #ifdef __cplusplus
| extern "C"
| #endif
| char malloc_size ();
| /* The GNU C library defines this for functions which it implements
|     to always fail with ENOSYS.  Some functions are actually named
|     something starting with __ and the normal name is an alias.  */
| #if defined __stub_malloc_size || defined __stub___malloc_size
| choke me
| #endif
| 
| int
| main ()
| {
| return malloc_size ();
|   ;
|   return 0;
| }
configure:13662: result: no
configure:13662: checking for malloc_good_size
configure:13662: gcc -o conftest -g -O2   conftest.c  >&5
/usr/bin/ld: /tmp/ccpNMRLF.o: in function `main':
/home/cursed/gitgud/grapes-dd/src/meddly/conftest.c:79: undefined reference to `malloc_good_size'
collect2: error: ld returned 1 exit status
configure:13662: $? = 1
configure: failed program was:
| /* confdefs.h */
| #define PACKAGE_NAME "MEDDLY"
| #define PACKAGE_TARNAME "meddly"
| #define PACKAGE_VERSION "0.15.1"
| #define PACKAGE_STRING "MEDDLY 0.15.1"
| #define PACKAGE_BUGREPORT "asminer@iastate.edu"
| #define PACKAGE_URL "http://meddly.sourceforge.net"
| #define PACKAGE "meddly"
| #define VERSION "0.15.1"
| #define HAVE_CXX11 1
| #define STDC_HEADERS 1
| #define HAVE_SYS_TYPES_H 1
| #define HAVE_SYS_STAT_H 1
| #define HAVE_STDLIB_H 1
| #define HAVE_STRING_H 1
| #define HAVE_MEMORY_H 1
| #define HAVE_STRINGS_H 1
| #define HAVE_INTTYPES_H 1
| #define HAVE_STDINT_H 1
| #define HAVE_UNISTD_H 1
| #define HAVE_DLFCN_H 1
| #define LT_OBJDIR ".libs/"
| #define HAVE_SYS_WAIT_H 1
| #define HAVE_SYS_TIME_H 1
| #define HAVE_UNISTD_H 1
| #define HAVE__BOOL 1
| #define HAVE_STDBOOL_H 1
| #define TIME_WITH_SYS_TIME 1
| #define HAVE_FORK 1
| #define HAVE_VFORK 1
| #define HAVE_WORKING_VFORK 1
| #define HAVE_WORKING_FORK 1
| #define STDC_HEADERS 1
| #define HAVE_STDLIB_H 1
| #define HAVE_MALLOC 1
| #define HAVE_STDLIB_H 1
| #define HAVE_REALLOC 1
| #define RETSIGTYPE void
| #define HAVE_GETRUSAGE 1
| #define HAVE_GETTIMEOFDAY 1
| #define HAVE_MEMMOVE 1
| #define HAVE_MEMSET 1
| #define HAVE_STRTOL 1
| /* end confdefs.h.  */
| /* Define malloc_good_size to an innocuous variant, in case <limits.h> declares malloc_good_size.
|    For example, HP-UX 11i <limits.h> declares gettimeofday.  */
| #define malloc_good_size innocuous_malloc_good_size
| 
| /* System header to define __stub macros and hopefully few prototypes,
|     which can conflict with char malloc_good_size (); below.
|     Prefer <limits.h> to <assert.h> if __STDC__ is defined, since
|     <limits.h> exists even on freestanding compilers.  */
| 
| #ifdef __STDC__
| # include <limits.h>
| #else
| # include <assert.h>
| #endif
| 
| #undef malloc_good_size
| 
| /* Override any GCC internal prototype to avoid an error.
|    Use char because int might match the return type of a GCC
|    builtin and then its argument prototype would still apply.  */
| #ifdef __cplusplus
| extern "C"
| #endif
| char malloc_good_size ();
| /* The GNU C library defines this for functions which it implements
|     to always fail with ENOSYS.  Some functions are actually named
|     something starting with __ and the normal name is an alias.  */
| #if defined __stub_malloc_good_size || defined __stub___malloc_good_size
| choke me
| #endif
| 
| int
| main ()
| {
| return malloc_good_size ();
|   ;
|   return 0;
| }
configure:13662: result: no
configure:13662: checking for malloc_usable_size
configure:13662: gcc -o conftest -g -O2   conftest.c  >&5
configure:13662: $? = 0
configure:13662: result: yes
configure:13776: checking that generated files are newer than configure
configure:13782: result: done
configure:13809: creating ./config.status

## ---------------------- ##
## Running config.status. ##
## ---------------------- ##

This file was extended by MEDDLY config.status 0.15.1, which was
generated by GNU Autoconf 2.69.  Invocation command line was

  CONFIG_FILES    = 
  CONFIG_HEADERS  = 
  CONFIG_LINKS    = 
  CONFIG_COMMANDS = 
  $ ./config.status 

on dellino

config.status:1172: creating Makefile
config.status:1172: creating examples/Makefile
config.status:1172: creating src/Makefile
config.status:1172: creating tests/Makefile
config.status:1172: creating config.h
config.status:1353: config.h is unchanged
config.status:1401: executing depfiles commands
config.status:1478: cd examples       && sed -e '/# am--include-marker/d' Makefile         | make -f - am--depfiles
make: Nothing to be done for 'am--depfiles'.
config.status:1483: $? = 0
config.status:1478: cd src       && sed -e '/# am--include-marker/d' Makefile         | make -f - am--depfiles
make: Nothing to be done for 'am--depfiles'.
config.status:1483: $? = 0
config.status:1478: cd tests       && sed -e '/# am--include-marker/d' Makefile         | make -f - am--depfiles
make: Nothing to be done for 'am--depfiles'.
config.status:1483: $? = 0
config.status:1401: executing libtool commands

## ---------------- ##
## Cache variables. ##
## ---------------- ##

ac_cv_build=x86_64-pc-linux-gnu
ac_cv_c_compiler_gnu=yes
ac_cv_c_const=yes
ac_cv_c_inline=inline
ac_cv_cxx_compiler_gnu=yes
ac_cv_env_CCC_set=
ac_cv_env_CCC_value=
ac_cv_env_CC_set=
ac_cv_env_CC_value=
ac_cv_env_CFLAGS_set=
ac_cv_env_CFLAGS_value=
ac_cv_env_CPPFLAGS_set=
ac_cv_env_CPPFLAGS_value=
ac_cv_env_CPP_set=
ac_cv_env_CPP_value=
ac_cv_env_CXXCPP_set=
ac_cv_env_CXXCPP_value=
ac_cv_env_CXXFLAGS_set=set
ac_cv_env_CXXFLAGS_value=-O3
ac_cv_env_CXX_set=
ac_cv_env_CXX_value=
ac_cv_env_LDFLAGS_set=
ac_cv_env_LDFLAGS_value=
ac_cv_env_LIBS_set=
ac_cv_env_LIBS_value=
ac_cv_env_LT_SYS_LIBRARY_PATH_set=
ac_cv_env_LT_SYS_LIBRARY_PATH_value=
ac_cv_env_build_alias_set=
ac_cv_env_build_alias_value=
ac_cv_env_host_alias_set=
ac_cv_env_host_alias_value=
ac_cv_env_target_alias_set=
ac_cv_env_target_alias_value=
ac_cv_func_fork=yes
ac_cv_func_fork_works=yes
ac_cv_func_getrusage=yes
ac_cv_func_gettimeofday=yes
ac_cv_func_malloc_0_nonnull=yes
ac_cv_func_malloc_good_size=no
ac_cv_func_malloc_size=no
ac_cv_func_malloc_usable_size=yes
ac_cv_func_memcmp_working=yes
ac_cv_func_memmove=yes
ac_cv_func_memset=yes
ac_cv_func_realloc_0_nonnull=yes
ac_cv_func_strtod=yes
ac_cv_func_strtol=yes
ac_cv_func_vfork=yes
ac_cv_func_vfork_works=yes
ac_cv_header_dlfcn_h=yes
ac_cv_header_inttypes_h=yes
ac_cv_header_memory_h=yes
ac_cv_header_stdbool_h=yes
ac_cv_header_stdc=yes
ac_cv_header_stdint_h=yes
ac_cv_header_stdlib_h=yes
ac_cv_header_string_h=yes
ac_cv_header_strings_h=yes
ac_cv_header_sys_stat_h=yes
ac_cv_header_sys_time_h=yes
ac_cv_header_sys_types_h=yes
ac_cv_header_sys_wait_h=yes
ac_cv_header_time=yes
ac_cv_header_unistd_h=yes
ac_cv_header_vfork_h=no
ac_cv_host=x86_64-pc-linux-gnu
ac_cv_objext=o
ac_cv_path_EGREP='/usr/bin/grep -E'
ac_cv_path_FGREP='/usr/bin/grep -F'
ac_cv_path_GREP=/usr/bin/grep
ac_cv_path_SED=/usr/bin/sed
ac_cv_path_install='/usr/bin/install -c'
ac_cv_path_lt_DD=/usr/bin/dd
ac_cv_path_mkdir=/usr/bin/mkdir
ac_cv_prog_AWK=mawk
ac_cv_prog_CPP='gcc -E'
ac_cv_prog_CXXCPP='g++ -E'
ac_cv_prog_ac_ct_AR=ar
ac_cv_prog_ac_ct_CC=gcc
ac_cv_prog_ac_ct_CXX=g++
ac_cv_prog_ac_ct_MANIFEST_TOOL=mt
ac_cv_prog_ac_ct_OBJDUMP=objdump
ac_cv_prog_ac_ct_RANLIB=ranlib
ac_cv_prog_ac_ct_STRIP=strip
ac_cv_prog_cc_c89=
ac_cv_prog_cc_g=yes
ac_cv_prog_cxx_g=yes
ac_cv_prog_make_make_set=yes
ac_cv_type__Bool=yes
ac_cv_type_pid_t=yes
ac_cv_type_signal=void
ac_cv_type_size_t=yes
am_cv_CC_dependencies_compiler_type=gcc3
am_cv_CXX_dependencies_compiler_type=gcc3
am_cv_ar_interface=ar
am_cv_make_support_nested_variables=yes
am_cv_prog_cc_c_o=yes
ax_cv_cxx_compile_cxx11=yes
lt_cv_ar_at_file=@
lt_cv_archive_cmds_need_lc=no
lt_cv_deplibs_check_method=pass_all
lt_cv_file_magic_cmd='$MAGIC_CMD'
lt_cv_file_magic_test_file=
lt_cv_ld_reload_flag=-r
lt_cv_nm_interface='BSD nm'
lt_cv_objdir=.libs
lt_cv_path_LD=/usr/bin/ld
lt_cv_path_LDCXX='/usr/bin/ld -m elf_x86_64'
lt_cv_path_NM='/usr/bin/nm -B'
lt_cv_path_mainfest_tool=no
lt_cv_prog_compiler_c_o=yes
lt_cv_prog_compiler_c_o_CXX=yes
lt_cv_prog_compiler_pic='-fPIC -DPIC'
lt_cv_prog_compiler_pic_CXX='-fPIC -DPIC'
lt_cv_prog_compiler_pic_works=yes
lt_cv_prog_compiler_pic_works_CXX=yes
lt_cv_prog_compiler_rtti_exceptions=no
lt_cv_prog_compiler_static_works=yes
lt_cv_prog_compiler_static_works_CXX=yes
lt_cv_prog_gnu_ld=yes
lt_cv_prog_gnu_ldcxx=yes
lt_cv_sharedlib_from_linklib_cmd='printf %s\n'
lt_cv_shlibpath_overrides_runpath=yes
lt_cv_sys_global_symbol_pipe='sed -n -e '\''s/^.*[	 ]\([ABCDGIRSTW][ABCDGIRSTW]*\)[	 ][	 ]*\([_A-Za-z][_A-Za-z0-9]*\)$/\1 \2 \2/p'\'' | sed '\''/ __gnu_lto/d'\'''
lt_cv_sys_global_symbol_to_c_name_address='sed -n -e '\''s/^: \(.*\) .*$/  {"\1", (void *) 0},/p'\'' -e '\''s/^[ABCDGIRSTW][ABCDGIRSTW]* .* \(.*\)$/  {"\1", (void *) \&\1},/p'\'''
lt_cv_sys_global_symbol_to_c_name_address_lib_prefix='sed -n -e '\''s/^: \(.*\) .*$/  {"\1", (void *) 0},/p'\'' -e '\''s/^[ABCDGIRSTW][ABCDGIRSTW]* .* \(lib.*\)$/  {"\1", (void *) \&\1},/p'\'' -e '\''s/^[ABCDGIRSTW][ABCDGIRSTW]* .* \(.*\)$/  {"lib\1", (void *) \&\1},/p'\'''
lt_cv_sys_global_symbol_to_cdecl='sed -n -e '\''s/^T .* \(.*\)$/extern int \1();/p'\'' -e '\''s/^[ABCDGIRSTW][ABCDGIRSTW]* .* \(.*\)$/extern char \1;/p'\'''
lt_cv_sys_global_symbol_to_import=
lt_cv_sys_max_cmd_len=1572864
lt_cv_to_host_file_cmd=func_convert_file_noop
lt_cv_to_tool_file_cmd=func_convert_file_noop
lt_cv_truncate_bin='/usr/bin/dd bs=4096 count=1'

## ----------------- ##
## Output variables. ##
## ----------------- ##

ACLOCAL='${SHELL} /home/cursed/gitgud/grapes-dd/src/meddly/missing aclocal-1.16'
AMDEPBACKSLASH='\'
AMDEP_FALSE='#'
AMDEP_TRUE=''
AMTAR='$${TAR-tar}'
AM_BACKSLASH='\'
AM_DEFAULT_V='$(AM_DEFAULT_VERBOSITY)'
AM_DEFAULT_VERBOSITY='0'
AM_V='$(V)'
AR='ar'
AUTOCONF='${SHELL} /home/cursed/gitgud/grapes-dd/src/meddly/missing autoconf'
AUTOHEADER='${SHELL} /home/cursed/gitgud/grapes-dd/src/meddly/missing autoheader'
AUTOMAKE='${SHELL} /home/cursed/gitgud/grapes-dd/src/meddly/missing automake-1.16'
AWK='mawk'
CC='gcc'
CCDEPMODE='depmode=gcc3'
CFLAGS='-g -O2'
CPP='gcc -E'
CPPFLAGS=''
CXX='g++'
CXXCPP='g++ -E'
CXXDEPMODE='depmode=gcc3'
CXXFLAGS='-O3'
CYGPATH_W='echo'
DEFS='-DHAVE_CONFIG_H'
DEPDIR='.deps'
DLLTOOL='false'
DSYMUTIL=''
DUMPBIN=''
ECHO_C=''
ECHO_N='-n'
ECHO_T=''
EGREP='/usr/bin/grep -E'
EXEEXT=''
FGREP='/usr/bin/grep -F'
GREP='/usr/bin/grep'
HAVE_CXX11='1'
INSTALL_DATA='${INSTALL} -m 644'
INSTALL_PROGRAM='${INSTALL}'
INSTALL_SCRIPT='${INSTALL}'
INSTALL_STRIP_PROGRAM='$(install_sh) -c -s'
LD='/usr/bin/ld -m elf_x86_64'
LDFLAGS=''
LIBOBJS=''
LIBS=''
LIBTOOL='$(SHELL) $(top_builddir)/libtool'
LIPO=''
LN_S='ln -s'
LTLIBOBJS=''
LT_SYS_LIBRARY_PATH=''
MAKEINFO='${SHELL} /home/cursed/gitgud/grapes-dd/src/meddly/missing makeinfo'
MANIFEST_TOOL=':'
MKDIR_P='/usr/bin/mkdir -p'
NM='/usr/bin/nm -B'
NMEDIT=''
OBJDUMP='objdump'
OBJEXT='o'
OTOOL64=''
OTOOL=''
PACKAGE='meddly'
PACKAGE_BUGREPORT='asminer@iastate.edu'
PACKAGE_NAME='MEDDLY'
PACKAGE_STRING='MEDDLY 0.15.1'
PACKAGE_TARNAME='meddly'
PACKAGE_URL='http://meddly.sourceforge.net'
PACKAGE_VERSION='0.15.1'
PATH_SEPARATOR=':'
POW_LIB=''
RANLIB='ranlib'
SED='/usr/bin/sed'
SET_MAKE=''
SHELL='/bin/bash'
STRIP='strip'
VERSION='0.15.1'
ac_ct_AR='ar'
ac_ct_CC='gcc'
ac_ct_CXX='g++'
ac_ct_DUMPBIN=''
am__EXEEXT_FALSE=''
am__EXEEXT_TRUE='#'
am__fastdepCC_FALSE='#'
am__fastdepCC_TRUE=''
am__fastdepCXX_FALSE='#'
am__fastdepCXX_TRUE=''
am__include='include'
am__isrc=''
am__leading_dot='.'
am__nodep='_no'
am__quote=''
am__tar='$${TAR-tar} chof - "$$tardir"'
am__untar='$${TAR-tar} xf -'
bindir='${exec_prefix}/bin'
build='x86_64-pc-linux-gnu'
build_alias=''
build_cpu='x86_64'
build_os='linux-gnu'
build_vendor='pc'
datadir='${datarootdir}'
datarootdir='${prefix}/share'
docdir='${datarootdir}/doc/${PACKAGE_TARNAME}'
dvidir='${docdir}'
exec_prefix='${prefix}'
host='x86_64-pc-linux-gnu'
host_alias=''
host_cpu='x86_64'
host_os='linux-gnu'
host_vendor='pc'
htmldir='${docdir}'
includedir='${prefix}/include'
infodir='${datarootdir}/info'
install_sh='${SHELL} /home/cursed/gitgud/grapes-dd/src/meddly/install-sh'
libdir='${exec_prefix}/lib'
libexecdir='${exec_prefix}/libexec'
localedir='${datarootdir}/locale'
localstatedir='${prefix}/var'
mandir='${datarootdir}/man'
mkdir_p='$(MKDIR_P)'
oldincludedir='/usr/include'
pdfdir='${docdir}'
prefix='/home/cursed/gitgud/grapes-dd/src/meddly'
program_transform_name='s,x,x,'
psdir='${docdir}'
runstatedir='${localstatedir}/run'
sbindir='${exec_prefix}/sbin'
sharedstatedir='${prefix}/com'
sysconfdir='${prefix}/etc'
target_alias=''

## ----------- ##
## confdefs.h. ##
## ----------- ##

/* confdefs.h */
#define PACKAGE_NAME "MEDDLY"
#define PACKAGE_TARNAME "meddly"
#define PACKAGE_VERSION "0.15.1"
#define PACKAGE_STRING "MEDDLY 0.15.1"
#define PACKAGE_BUGREPORT "asminer@iastate.edu"
#define PACKAGE_URL "http://meddly.sourceforge.net"
#define PACKAGE "meddly"
#define VERSION "0.15.1"
#define HAVE_CXX11 1
#define STDC_HEADERS 1
#define HAVE_SYS_TYPES_H 1
#define HAVE_SYS_STAT_H 1
#define HAVE_STDLIB_H 1
#define HAVE_STRING_H 1
#define HAVE_MEMORY_H 1
#define HAVE_STRINGS_H 1
#define HAVE_INTTYPES_H 1
#define HAVE_STDINT_H 1
#define HAVE_UNISTD_H 1
#define HAVE_DLFCN_H 1
#define LT_OBJDIR ".libs/"
#define HAVE_SYS_WAIT_H 1
#define HAVE_SYS_TIME_H 1
#define HAVE_UNISTD_H 1
#define HAVE__BOOL 1
#define HAVE_STDBOOL_H 1
#define TIME_WITH_SYS_TIME 1
#define HAVE_FORK 1
#define HAVE_VFORK 1
#define HAVE_WORKING_VFORK 1
#define HAVE_WORKING_FORK 1
#define STDC_HEADERS 1
#define HAVE_STDLIB_H 1
#define HAVE_MALLOC 1
#define HAVE_STDLIB_H 1
#define HAVE_REALLOC 1
#define RETSIGTYPE void
#define HAVE_GETRUSAGE 1
#define HAVE_GETTIMEOFDAY 1
#define HAVE_MEMMOVE 1
#define HAVE_MEMSET 1
#define HAVE_STRTOL 1
#define HAVE_MALLOC_USABLE_SIZE 1

configure: exit 0
